<?xml version="1.0" encoding="UTF-8"?>
<testng-results ignored="0" total="0" passed="0" failed="0" skipped="0">
  <reporter-output>
  </reporter-output>
  <suite started-at="2022-01-09T00:51:59 ICT" name="All Test Suite" finished-at="2022-01-09T00:51:59 ICT" duration-ms="125">
    <groups>
    </groups>
    <test started-at="2022-01-09T00:51:59 ICT" name="C:/Users/admin/thanhhoa/target" finished-at="2022-01-09T00:51:59 ICT" duration-ms="125">
    </test> <!-- C:/Users/admin/thanhhoa/target -->
  </suite> <!-- All Test Suite -->
</testng-results>
